<?xml version="1.0" encoding="UTF-8"?>
<!-- Generated by org.testng.reporters.JUnitReportReporter -->
<testsuite skipped="0" hostname="Yvonnes-MBP" name="com.employeeapi.testcases.TC003_Post_Employee_Records" tests="6" failures="0" timestamp="24 May 2019 22:01:22 GMT" time="0.010" errors="0">
  <testcase name="checkStatusLine" time="0.001" classname="com.employeeapi.testcases.TC003_Post_Employee_Records"/>
  <testcase name="checkServerType" time="0.001" classname="com.employeeapi.testcases.TC003_Post_Employee_Records"/>
  <testcase name="checkContentEncoding" time="0.002" classname="com.employeeapi.testcases.TC003_Post_Employee_Records"/>
  <testcase name="checkResponeBody" time="0.001" classname="com.employeeapi.testcases.TC003_Post_Employee_Records"/>
  <testcase name="checkStatusCode" time="0.002" classname="com.employeeapi.testcases.TC003_Post_Employee_Records"/>
  <testcase name="checkContentType" time="0.003" classname="com.employeeapi.testcases.TC003_Post_Employee_Records"/>
</testsuite> <!-- com.employeeapi.testcases.TC003_Post_Employee_Records -->
