<?xml version="1.0" encoding="UTF-8"?>
<!-- Generated by org.testng.reporters.JUnitReportReporter -->
<testsuite skipped="0" hostname="Yvonnes-MBP" name="com.employeeapi.testcases.TC005_Delete_Employee_Record" tests="6" failures="0" timestamp="24 May 2019 22:01:22 GMT" time="0.030" errors="0">
  <testcase name="checkStatusCode" time="0.005" classname="com.employeeapi.testcases.TC005_Delete_Employee_Record"/>
  <testcase name="checkResponseBody" time="0.002" classname="com.employeeapi.testcases.TC005_Delete_Employee_Record"/>
  <testcase name="checkContentType" time="0.002" classname="com.employeeapi.testcases.TC005_Delete_Employee_Record"/>
  <testcase name="checkStatusLine" time="0.006" classname="com.employeeapi.testcases.TC005_Delete_Employee_Record"/>
  <testcase name="checkContentEncoding" time="0.003" classname="com.employeeapi.testcases.TC005_Delete_Employee_Record"/>
  <testcase name="checkServerType" time="0.012" classname="com.employeeapi.testcases.TC005_Delete_Employee_Record"/>
</testsuite> <!-- com.employeeapi.testcases.TC005_Delete_Employee_Record -->
