<?xml version="1.0" encoding="UTF-8"?>
<!-- Generated by org.testng.reporters.JUnitReportReporter -->
<testsuite skipped="0" hostname="Yvonnes-MBP" name="com.employeeapi.testcases.TC002_Get_Single_Employee_Record" tests="7" failures="0" timestamp="24 May 2019 22:01:22 GMT" time="0.084" errors="0">
  <testcase name="checkResponseBody" time="0.003" classname="com.employeeapi.testcases.TC002_Get_Single_Employee_Record"/>
  <testcase name="checkResponseTime" time="0.003" classname="com.employeeapi.testcases.TC002_Get_Single_Employee_Record"/>
  <testcase name="checkContentLength" time="0.002" classname="com.employeeapi.testcases.TC002_Get_Single_Employee_Record"/>
  <testcase name="checkStatusLine" time="0.003" classname="com.employeeapi.testcases.TC002_Get_Single_Employee_Record"/>
  <testcase name="checkServerType" time="0.003" classname="com.employeeapi.testcases.TC002_Get_Single_Employee_Record"/>
  <testcase name="checkStatusCode" time="0.003" classname="com.employeeapi.testcases.TC002_Get_Single_Employee_Record"/>
  <testcase name="checkContentType" time="0.067" classname="com.employeeapi.testcases.TC002_Get_Single_Employee_Record"/>
</testsuite> <!-- com.employeeapi.testcases.TC002_Get_Single_Employee_Record -->
