<?xml version="1.0" encoding="UTF-8"?>
<!-- Generated by org.testng.reporters.JUnitReportReporter -->
<testsuite skipped="0" hostname="Yvonnes-MBP" name="com.employeeapi.testcases.TC001_Get_All_Employees" tests="9" failures="0" timestamp="24 May 2019 22:01:22 GMT" time="0.210" errors="0">
  <testcase name="checkContentType" time="0.010" classname="com.employeeapi.testcases.TC001_Get_All_Employees"/>
  <testcase name="checkStatusLine" time="0.004" classname="com.employeeapi.testcases.TC001_Get_All_Employees"/>
  <testcase name="checkServerType" time="0.003" classname="com.employeeapi.testcases.TC001_Get_All_Employees"/>
  <testcase name="checkRespomseTime" time="0.003" classname="com.employeeapi.testcases.TC001_Get_All_Employees"/>
  <testcase name="checkCookies" time="0.006" classname="com.employeeapi.testcases.TC001_Get_All_Employees"/>
  <testcase name="checkContentEncoding" time="0.012" classname="com.employeeapi.testcases.TC001_Get_All_Employees"/>
  <testcase name="checkResponseBody" time="0.080" classname="com.employeeapi.testcases.TC001_Get_All_Employees"/>
  <testcase name="checkStatusCode" time="0.007" classname="com.employeeapi.testcases.TC001_Get_All_Employees"/>
  <testcase name="checkContentLength" time="0.085" classname="com.employeeapi.testcases.TC001_Get_All_Employees"/>
</testsuite> <!-- com.employeeapi.testcases.TC001_Get_All_Employees -->
